installer/build/outputs/mapping/release/seeds.txt
com.installer.drop.MainActivity
com.installer.drop.MainActivity: MainActivity()
...
android.support.v4.app.RemoteActionCompatParcelizer
androidx.versionedparcelable.CustomVersionedParcelable
androidx.lifecycle.SingleGeneratedAdapterObserver
androidx.core.app.CoreComponentFactory
androidx.core.graphics.drawable.IconCompatParcelizer
androidx.lifecycle.CompositeGeneratedAdaptersObserver
androidx.lifecycle.DefaultLifecycleObserverAdapter
androidx.profileinstaller.ProfileInstallReceiver
androidx.core.graphics.drawable.IconCompat
androidx.lifecycle.LifecycleCoroutineScopeImpl
androidx.core.app.RemoteActionCompat
android.support.v4.graphics.drawable.IconCompatParcelizer
androidx.core.content.FileProvider
androidx.versionedparcelable.ParcelImpl
androidx.annotation.Keep
androidx.core.app.RemoteActionCompatParcelizer
androidx.lifecycle.ReflectiveGenericLifecycleObserver
androidx.startup.InitializationProvider
androidx.profileinstaller.ProfileInstallerInitializer
androidx.concurrent.futures.AbstractResolvableFuture: androidx.concurrent.futures.AbstractResolvableFuture$Waiter waiters
androidx.concurrent.futures.AbstractResolvableFuture$Waiter: java.lang.Thread thread
androidx.concurrent.futures.AbstractResolvableFuture$Waiter: androidx.concurrent.futures.AbstractResolvableFuture$Waiter next
androidx.concurrent.futures.AbstractResolvableFuture: androidx.concurrent.futures.AbstractResolvableFuture$Listener listeners
androidx.versionedparcelable.ParcelImpl: android.os.Parcelable$Creator CREATOR
androidx.concurrent.futures.AbstractResolvableFuture: java.lang.Object value
androidx.profileinstaller.ProfileInstallerInitializer$Choreographer16Impl: void postFrameCallback(java.lang.Runnable)
androidx.core.graphics.drawable.IconCompatParcelizer: void write(androidx.core.graphics.drawable.IconCompat,androidx.versionedparcelable.VersionedParcel)
android.support.v4.graphics.drawable.IconCompatParcelizer: void write(androidx.core.graphics.drawable.IconCompat,androidx.versionedparcelable.VersionedParcel)
androidx.profileinstaller.ProfileVerifier$Api33Impl: android.content.pm.PackageInfo getPackageInfo(android.content.pm.PackageManager,android.content.Context)
androidx.core.content.FileProvider: FileProvider()
androidx.versionedparcelable.CustomVersionedParcelable: CustomVersionedParcelable()
androidx.core.graphics.drawable.IconCompatParcelizer: IconCompatParcelizer()
androidx.core.app.RemoteActionCompatParcelizer: androidx.core.app.RemoteActionCompat read(androidx.versionedparcelable.VersionedParcel)
androidx.core.graphics.drawable.IconCompat$Api23Impl: android.graphics.drawable.Drawable loadDrawable(android.graphics.drawable.Icon,android.content.Context)
android.support.v4.graphics.drawable.IconCompatParcelizer: androidx.core.graphics.drawable.IconCompat read(androidx.versionedparcelable.VersionedParcel)
androidx.profileinstaller.ProfileInstallReceiver: ProfileInstallReceiver()
android.support.v4.app.RemoteActionCompatParcelizer: androidx.core.app.RemoteActionCompat read(androidx.versionedparcelable.VersionedParcel)
androidx.profileinstaller.ProfileInstallerInitializer: ProfileInstallerInitializer()
androidx.startup.InitializationProvider: InitializationProvider()
androidx.core.graphics.drawable.IconCompatParcelizer: androidx.core.graphics.drawable.IconCompat read(androidx.versionedparcelable.VersionedParcel)
androidx.core.graphics.drawable.IconCompat$Api26Impl: android.graphics.drawable.Icon createWithAdaptiveBitmap(android.graphics.Bitmap)
androidx.core.graphics.drawable.IconCompat: IconCompat()
androidx.core.content.FileProvider$Api21Impl: java.io.File[] getExternalMediaDirs(android.content.Context)
androidx.profileinstaller.FileSectionType: androidx.profileinstaller.FileSectionType[] values()
androidx.core.graphics.drawable.IconCompat$Api30Impl: android.graphics.drawable.Icon createWithAdaptiveBitmapContentUri(android.net.Uri)
androidx.core.graphics.drawable.IconCompat$Api28Impl: java.lang.String getResPackage(java.lang.Object)