installer/build/outputs/mapping/release/mapping.txt
# compiler: R8
# compiler_version: 8.5.35
# min_api: 24
# common_typos_disable
# {"id":"com.android.tools.r8.mapping","version":"2.2"}
# pg_map_id: 4493d66
# pg_map_hash: SHA-256 4493d66c9b5c3fac75ccac9ba09be1e872b3ca71555a9ff5529cc7612f854367
com.installer.drop.MainActivity -> com.installer.drop.MainActivity:
# {"id":"sourceFile","fileName":"MainActivity.java"}
    int $r8$clinit -> I1I10l0l
      # {"id":"com.android.tools.r8.synthesized"}
    android.widget.TextView status -> O0OO1
    1:4:void <init>():20:20 -> <init>
    1:13:void dropAndLaunch():63:63 -> O0OO1
    14:26:void dropAndLaunch():64:64 -> O0OO1
    27:31:void dropAndLaunch():65:65 -> O0OO1
    32:39:void dropAndLaunch():67:67 -> O0OO1
    40:46:void dropAndLaunch():68:68 -> O0OO1
    47:48:void dropAndLaunch():69:69 -> O0OO1
    49:61:void dropAndLaunch():71:71 -> O0OO1
    62:67:void dropAndLaunch():72:72 -> O0OO1
    68:72:void dropAndLaunch():74:74 -> O0OO1
    73:88:void dropAndLaunch():75:75 -> O0OO1
    89:92:void dropAndLaunch():74:74 -> O0OO1
    93:99:void dropAndLaunch():77:77 -> O0OO1
    100:105:void dropAndLaunch():78:78 -> O0OO1
    106:110:void dropAndLaunch():79:79 -> O0OO1
    111:113:void dropAndLaunch():80:80 -> O0OO1
    114:116:void dropAndLaunch():81:81 -> O0OO1
    117:126:void dropAndLaunch():82:82 -> O0OO1
    127:146:void dropAndLaunch():67:67 -> O0OO1
    147:170:void dropAndLaunch():84:84 -> O0OO1
    1:7:void onActivityResult(int,int,android.content.Intent):50:50 -> onActivityResult
    8:13:void onActivityResult(int,int,android.content.Intent):52:52 -> onActivityResult
    14:23:void onActivityResult(int,int,android.content.Intent):53:53 -> onActivityResult
com.installer.drop.MainActivity$$ExternalSyntheticApiModelOutline0 -> lIIl0I0l:
# {"id":"sourceFile","fileName":"R8$$SyntheticClass"}
# {"id":"com.android.tools.r8.synthesized"}
    1:1:boolean MainActivity$$ExternalSyntheticApiModelOutline0.m(android.content.pm.PackageManager):0:0 -> O0OO1
      # {"id":"com.android.tools.r8.synthesized"}
com.installer.drop.MainActivity$$ExternalSyntheticLambda1 -> l1IO0OI:
# {"id":"sourceFile","fileName":"R8$$SyntheticClass"}
# {"id":"com.android.tools.r8.synthesized"}
    com.installer.drop.MainActivity com.installer.drop.MainActivity$$InternalSyntheticLambda$1$138ce42b6c8993352d330f29567ab119df8d2d87be01c149ffe1cb8d1ceddf89$0.f$0 -> O0OO1
      # {"id":"com.android.tools.r8.synthesized"}
    1:1:void MainActivity$$ExternalSyntheticLambda1.<init>(com.installer.drop.MainActivity):0:0 -> <init>
      # {"id":"com.android.tools.r8.synthesized"}
    3:10:void com.installer.drop.MainActivity.startInstall():37:37 -> onClick
    3:10:void com.installer.drop.MainActivity.lambda$onCreate$0(android.view.View):33 -> onClick
    11:20:void com.installer.drop.MainActivity.startInstall():38:38 -> onClick
    11:20:void com.installer.drop.MainActivity.lambda$onCreate$0(android.view.View):33 -> onClick
    21:27:void com.installer.drop.MainActivity.startInstall():39:39 -> onClick
    21:27:void com.installer.drop.MainActivity.lambda$onCreate$0(android.view.View):33 -> onClick
    28:36:void com.installer.drop.MainActivity.startInstall():40:40 -> onClick
    28:36:void com.installer.drop.MainActivity.lambda$onCreate$0(android.view.View):33 -> onClick
    37:58:void com.installer.drop.MainActivity.startInstall():41:41 -> onClick
    37:58:void com.installer.drop.MainActivity.lambda$onCreate$0(android.view.View):33 -> onClick
...
androidx.profileinstaller.WritableFileSection -> IOI:
# {"id":"sourceFile","fileName":"WritableFileSection.java"}
    byte[] mContents -> I1I10l0l
    androidx.profileinstaller.FileSectionType mType -> O0OO1
      # {"id":"com.android.tools.r8.residualsignature","signature":"I"}
    boolean mNeedsCompression -> lOIOl0
    1:3:void <init>(androidx.profileinstaller.FileSectionType,int,byte[],boolean):34:34 -> <init>
      # {"id":"com.android.tools.r8.residualsignature","signature":"(I[BZ)V"}
    4:5:void <init>(androidx.profileinstaller.FileSectionType,int,byte[],boolean):35:35 -> <init>
    6:7:void <init>(androidx.profileinstaller.FileSectionType,int,byte[],boolean):37:37 -> <init>
    8:10:void <init>(androidx.profileinstaller.FileSectionType,int,byte[],boolean):38:38 -> <init>
androidx.startup.AppInitializer -> lI001OI:
# {"id":"sourceFile","fileName":"AppInitializer.java"}
    java.util.Set mDiscovered -> I1I10l0l
      # {"id":"com.android.tools.r8.residualsignature","signature":"Ljava/util/HashSet;"}
    java.lang.Object sLock -> IOIOI
    java.util.Map mInitialized -> O0OO1
      # {"id":"com.android.tools.r8.residualsignature","signature":"Ljava/util/HashMap;"}
    androidx.startup.AppInitializer sInstance -> l1II10
      # {"id":"com.android.tools.r8.residualsignature","signature":"LlI001OI;"}
    android.content.Context mContext -> lOIOl0
    1:8:void <clinit>():57:57 -> <clinit>
    1:3:void <init>(android.content.Context):73:73 -> <init>
    4:9:void <init>(android.content.Context):74:74 -> <init>
    10:16:void <init>(android.content.Context):75:75 -> <init>
    17:24:void <init>(android.content.Context):76:76 -> <init>
    1:3:java.lang.Object doInitialize(java.lang.Class,java.util.Set):149:149 -> I1I10l0l
      # {"id":"com.android.tools.r8.residualsignature","signature":"(Ljava/lang/Class;Ljava/util/HashSet;)V"}
    4:7:boolean androidx.tracing.Trace.isEnabled():61:61 -> I1I10l0l
    4:7:java.lang.Object doInitialize(java.lang.Class,java.util.Set):149 -> I1I10l0l
    8:12:boolean androidx.tracing.Trace.isEnabled():62:62 -> I1I10l0l
    8:12:java.lang.Object doInitialize(java.lang.Class,java.util.Set):149 -> I1I10l0l
    13:14:boolean androidx.tracing.Trace.isEnabledFallback():159:159 -> I1I10l0l
androidx.startup.InitializationProvider -> androidx.startup.InitializationProvider:
# {"id":"sourceFile","fileName":"InitializationProvider.java"}
    1:4:void <init>():33:33 -> <init>
    1:8:int delete(android.net.Uri,java.lang.String,java.lang.String[]):83:83 -> delete
    1:8:java.lang.String getType(android.net.Uri):69:69 -> getType
    1:8:android.net.Uri insert(android.net.Uri,android.content.ContentValues):75:75 -> insert
    1:6:boolean onCreate():37:37 -> onCreate
    7:12:boolean onCreate():43:43 -> onCreate
    13:16:androidx.startup.AppInitializer androidx.startup.AppInitializer.getInstance(android.content.Context):86:86 -> onCreate
    13:16:boolean onCreate():45 -> onCreate
    17:19:androidx.startup.AppInitializer androidx.startup.AppInitializer.getInstance(android.content.Context):87:87 -> onCreate
    17:19:boolean onCreate():45 -> onCreate
    20:23:androidx.startup.AppInitializer androidx.startup.AppInitializer.getInstance(android.content.Context):88:88 -> onCreate
    20:23:boolean onCreate():45 -> onCreate
    24:33:androidx.startup.AppInitializer androidx.startup.AppInitializer.getInstance(android.content.Context):89:89 -> onCreate
    24:33:boolean onCreate():45 -> onCreate
    34:37:androidx.startup.AppInitializer androidx.startup.AppInitializer.getInstance(android.content.Context):91:91 -> onCreate
    34:37:boolean onCreate():45 -> onCreate
androidx.startup.StartupException -> I01l:
# {"id":"sourceFile","fileName":"StartupException.java"}