installer/build/outputs/mapping/release/usage.txt
com.installer.drop.MainActivity:
    private static final java.lang.String ASSET_NAME
    private static final int REQ_UNKNOWN_SOURCES
com.installer.drop.R$id:
    public static int subtitle
    public static int title
    private void <init>()
com.installer.drop.R$layout:
    private void <init>()
com.installer.drop.R$xml
com.installer.drop.R
com.installer.drop.MainActivity:
    public static void lambda$onCreate$0()
    public static void startInstall()
com.installer.drop.R$id
com.installer.drop.R$layout
...
androidx.core.content.FileProvider$Api21Impl:
    private void <init>()
androidx.core.content.FileProvider:
    private static final java.lang.String ATTR_NAME
    private static final java.lang.String ATTR_PATH
    private static final java.lang.String DISPLAYNAME_FIELD
    private static final java.lang.String META_DATA_FILE_PROVIDER_PATHS
    private static final java.lang.String TAG_CACHE_PATH
    private static final java.lang.String TAG_EXTERNAL
    private static final java.lang.String TAG_EXTERNAL_CACHE
    private static final java.lang.String TAG_EXTERNAL_FILES
    private static final java.lang.String TAG_EXTERNAL_MEDIA
    private static final java.lang.String TAG_FILES_PATH
    private static final java.lang.String TAG_ROOT_PATH
    public static android.net.Uri getUriForFile(android.content.Context,java.lang.String,java.io.File,java.lang.String)
androidx.core.content.IntentCompat$Api33Impl
androidx.core.content.IntentCompat
androidx.core.content.IntentSanitizer$1
androidx.core.content.IntentSanitizer$Api29Impl
androidx.core.content.IntentSanitizer$Api31Impl
androidx.core.content.IntentSanitizer$Builder
androidx.core.content.IntentSanitizer
androidx.core.content.LocusIdCompat$Api29Impl
androidx.core.content.LocusIdCompat
androidx.core.content.MimeTypeFilter
androidx.core.content.OnConfigurationChangedProvider
androidx.core.content.OnTrimMemoryProvider
androidx.core.content.PackageManagerCompat$Api30Impl
androidx.core.content.PackageManagerCompat$UnusedAppRestrictionsStatus
androidx.core.content.PackageManagerCompat
androidx.core.content.PermissionChecker$PermissionResult
androidx.core.content.PermissionChecker
androidx.core.content.SharedPreferencesCompat$EditorCompat$Helper
androidx.core.content.SharedPreferencesCompat$EditorCompat
androidx.core.content.SharedPreferencesCompat
androidx.core.content.UnusedAppRestrictionsBackportCallback
androidx.core.content.UnusedAppRestrictionsBackportService$1
androidx.core.content.UnusedAppRestrictionsBackportService
androidx.core.content.UnusedAppRestrictionsBackportServiceConnection$1
androidx.core.content.UnusedAppRestrictionsBackportServiceConnection
androidx.core.content.UnusedAppRestrictionsConstants
androidx.core.content.UriMatcherCompat
androidx.core.content.pm.ActivityInfoCompat
androidx.core.content.pm.PackageInfoCompat$Api28Impl
androidx.core.content.pm.PackageInfoCompat
androidx.core.content.pm.PermissionInfoCompat$Api28Impl
androidx.core.content.pm.PermissionInfoCompat$Protection
androidx.core.content.pm.PermissionInfoCompat$ProtectionFlags
androidx.core.content.pm.PermissionInfoCompat
androidx.core.content.pm.ShortcutInfoChangeListener
androidx.core.content.pm.ShortcutInfoCompat$Api33Impl
androidx.core.content.pm.ShortcutInfoCompat$Builder
androidx.core.content.pm.ShortcutInfoCompat$Surface
androidx.core.content.pm.ShortcutInfoCompat
androidx.core.content.pm.ShortcutInfoCompatSaver$NoopImpl
androidx.core.content.pm.ShortcutInfoCompatSaver
androidx.core.content.pm.ShortcutManagerCompat$1
androidx.core.content.pm.ShortcutManagerCompat$Api25Impl
androidx.core.content.pm.ShortcutManagerCompat$ShortcutMatchFlags
androidx.core.content.pm.ShortcutManagerCompat
androidx.core.content.pm.ShortcutXmlParser
androidx.core.content.res.CamColor
androidx.core.content.res.CamUtils
androidx.core.content.res.ColorStateListInflaterCompat
androidx.core.content.res.ComplexColorCompat
androidx.core.content.res.ConfigurationHelper
androidx.core.content.res.FontResourcesParserCompat$Api21Impl
androidx.core.content.res.FontResourcesParserCompat$FamilyResourceEntry
androidx.core.content.res.FontResourcesParserCompat$FetchStrategy
androidx.core.content.res.FontResourcesParserCompat$FontFamilyFilesResourceEntry
androidx.core.content.res.FontResourcesParserCompat$FontFileResourceEntry
androidx.core.content.res.FontResourcesParserCompat$ProviderResourceEntry
androidx.core.content.res.FontResourcesParserCompat
androidx.core.content.res.GradientColorInflaterCompat$ColorStops